TN:
SF:server.js
FN:8,createServer
FNF:1
FNH:1
FNDA:1,createServer
DA:9,1
DA:10,1
DA:11,1
DA:12,1
DA:13,1
DA:15,1
DA:16,1
DA:18,1
DA:20,1
LF:9
LH:9
BRF:0
BRH:0
end_of_record
TN:
SF:config\config.js
FNF:0
FNH:0
DA:1,1
LF:1
LH:1
BRDA:2,0,0,1
BRDA:2,0,1,0
BRF:2
BRH:1
end_of_record
TN:
SF:controllers\authControllers.js
FN:15,(anonymous_0)
FN:81,(anonymous_1)
FNF:2
FNH:1
FNDA:4,(anonymous_0)
FNDA:0,(anonymous_1)
DA:13,1
DA:15,1
DA:16,4
DA:21,3
DA:22,3
DA:24,3
DA:29,3
DA:30,3
DA:59,0
DA:63,0
DA:72,3
DA:73,3
DA:81,1
DA:82,0
DA:84,0
DA:90,0
DA:91,0
DA:98,0
DA:100,0
DA:101,0
DA:108,0
DA:116,0
DA:118,0
LF:23
LH:11
BRDA:90,0,0,0
BRDA:90,0,1,0
BRDA:100,1,0,0
BRDA:100,1,1,0
BRF:4
BRH:0
end_of_record
TN:
SF:controllers\mainControllers.js
FN:4,(anonymous_0)
FN:54,(anonymous_1)
FN:56,(anonymous_2)
FN:82,(anonymous_3)
FN:102,(anonymous_4)
FN:107,(anonymous_5)
FN:125,(anonymous_6)
FN:161,(anonymous_7)
FNF:8
FNH:0
FNDA:0,(anonymous_0)
FNDA:0,(anonymous_1)
FNDA:0,(anonymous_2)
FNDA:0,(anonymous_3)
FNDA:0,(anonymous_4)
FNDA:0,(anonymous_5)
FNDA:0,(anonymous_6)
FNDA:0,(anonymous_7)
DA:4,1
DA:5,0
DA:6,0
DA:8,0
DA:9,0
DA:23,0
DA:35,0
DA:54,0
DA:56,0
DA:57,0
DA:60,0
DA:61,0
DA:73,0
DA:82,1
DA:83,0
DA:85,0
DA:98,0
DA:102,0
DA:107,1
DA:108,0
DA:110,0
DA:116,0
DA:125,1
DA:126,0
DA:127,0
DA:129,0
DA:130,0
DA:138,0
DA:145,0
DA:153,0
DA:161,1
DA:162,0
DA:164,0
DA:166,0
DA:168,0
DA:174,0
DA:181,0
LF:37
LH:5
BRDA:8,0,0,0
BRDA:8,0,1,0
BRDA:60,1,0,0
BRDA:60,1,1,0
BRF:4
BRH:0
end_of_record
TN:
SF:database\db.js
FNF:0
FNH:0
DA:13,1
LF:1
LH:1
BRF:0
BRH:0
end_of_record
TN:
SF:middlewares\errorHandler.js
FN:3,errorHandler
FNF:1
FNH:1
FNDA:1,errorHandler
DA:4,1
DA:5,1
DA:6,1
DA:12,0
LF:4
LH:3
BRDA:5,0,0,1
BRDA:5,0,1,0
BRF:2
BRH:1
end_of_record
TN:
SF:middlewares\userAuth.js
FN:4,authenticateUser
FNF:1
FNH:0
FNDA:0,authenticateUser
DA:5,0
DA:6,0
DA:7,0
DA:8,0
DA:15,0
DA:16,0
DA:17,0
DA:19,0
DA:20,0
DA:26,0
DA:27,0
LF:11
LH:0
BRDA:7,0,0,0
BRDA:7,0,1,0
BRDA:19,1,0,0
BRDA:19,1,1,0
BRF:4
BRH:0
end_of_record
TN:
SF:routes\auth.routes.js
FNF:0
FNH:0
DA:11,1
DA:13,1
LF:2
LH:2
BRF:0
BRH:0
end_of_record
TN:
SF:routes\public.routes.js
FNF:0
FNH:0
DA:4,1
DA:6,1
LF:2
LH:2
BRF:0
BRH:0
end_of_record
TN:
SF:utils\AppError.js
FN:2,(anonymous_0)
FNF:1
FNH:1
FNDA:1,(anonymous_0)
DA:3,1
DA:5,1
DA:6,1
DA:8,1
LF:4
LH:4
BRF:0
BRH:0
end_of_record
TN:
SF:utils\catchErrorFunc.js
FN:1,catchErrorFunc
FN:2,(anonymous_1)
FNF:2
FNH:2
FNDA:7,catchErrorFunc
FNDA:4,(anonymous_1)
DA:2,7
DA:3,4
DA:4,4
DA:6,1
LF:4
LH:4
BRF:0
BRH:0
end_of_record
TN:
SF:utils\validation.js
FN:4,validate
FN:7,(anonymous_1)
FNF:2
FNH:2
FNDA:4,validate
FNDA:1,(anonymous_1)
DA:5,4
DA:6,4
DA:7,1
DA:8,1
DA:14,1
DA:16,3
DA:19,1
DA:71,1
DA:98,1
LF:9
LH:9
BRDA:6,0,0,1
BRDA:6,0,1,3
BRF:2
BRH:2
end_of_record
